[debug] [2024-02-17T21:39:44.344Z] ----------------------------------------------------------------------
[debug] [2024-02-17T21:39:44.346Z] Command:       /Users/gabo/.nvm/versions/node/v20.11.0/bin/node /Users/gabo/.nvm/versions/node/v20.11.0/bin/firebase init
[debug] [2024-02-17T21:39:44.346Z] CLI Version:   13.3.0
[debug] [2024-02-17T21:39:44.346Z] Platform:      darwin
[debug] [2024-02-17T21:39:44.346Z] Node Version:  v20.11.0
[debug] [2024-02-17T21:39:44.346Z] Time:          Sat Feb 17 2024 14:39:44 GMT-0700 (Mexican Pacific Standard Time)
[debug] [2024-02-17T21:39:44.346Z] ----------------------------------------------------------------------
[debug] 
[debug] [2024-02-17T21:39:44.348Z] > command requires scopes: ["email","openid","https://www.googleapis.com/auth/cloudplatformprojects.readonly","https://www.googleapis.com/auth/firebase","https://www.googleapis.com/auth/cloud-platform"]
[debug] [2024-02-17T21:39:44.348Z] > authorizing via signed-in user (gabo.acosta624@gmail.com)
[info] 
     ######## #### ########  ######## ########     ###     ######  ########
     ##        ##  ##     ## ##       ##     ##  ##   ##  ##       ##
     ######    ##  ########  ######   ########  #########  ######  ######
     ##        ##  ##    ##  ##       ##     ## ##     ##       ## ##
     ##       #### ##     ## ######## ########  ##     ##  ######  ########

You're about to initialize a Firebase project in this directory:

  /Users/gabo/projects/react-django-firebase

[info] 
=== Project Setup
[info] 
[info] First, let's associate this project directory with a Firebase project.
[info] You can create multiple project aliases by running firebase use --add, 
[info] but for now we'll just set up a default project.
[info] 
[debug] [2024-02-17T21:40:53.080Z] >>> [apiv2][query] GET https://firebase.googleapis.com/v1beta1/projects pageSize=100
[debug] [2024-02-17T21:40:53.682Z] <<< [apiv2][status] GET https://firebase.googleapis.com/v1beta1/projects 200
[debug] [2024-02-17T21:40:53.682Z] <<< [apiv2][body] GET https://firebase.googleapis.com/v1beta1/projects [omitted]
[info] i  Using project django-react-firebase-ae183 (django-react-firebase) 
[info] 
=== Hosting Setup
[debug] [2024-02-17T21:40:55.729Z] >>> [apiv2][query] GET https://firebase.googleapis.com/v1beta1/projects/django-react-firebase-ae183 [none]
[debug] [2024-02-17T21:40:55.969Z] <<< [apiv2][status] GET https://firebase.googleapis.com/v1beta1/projects/django-react-firebase-ae183 200
[debug] [2024-02-17T21:40:55.969Z] <<< [apiv2][body] GET https://firebase.googleapis.com/v1beta1/projects/django-react-firebase-ae183 {"projectId":"django-react-firebase-ae183","projectNumber":"681210263108","displayName":"django-react-firebase","name":"projects/django-react-firebase-ae183","resources":{"hostingSite":"django-react-firebase-ae183"},"state":"ACTIVE","etag":"1_4d4b65a7-cff8-4870-9d03-dd74e5a5072e"}
[info] 
[info] Your public directory is the folder (relative to your project directory) that
[info] will contain Hosting assets to be uploaded with firebase deploy. If you
[info] have a build process for your assets, use your build's output directory.
[info] 
[debug] [2024-02-17T21:41:21.520Z] >>> [apiv2][query] GET https://www.gstatic.com/firebasejs/releases.json [none]
[debug] [2024-02-17T21:41:21.850Z] <<< [apiv2][status] GET https://www.gstatic.com/firebasejs/releases.json 200
[debug] [2024-02-17T21:41:21.850Z] <<< [apiv2][body] GET https://www.gstatic.com/firebasejs/releases.json {"current":{"version":"10.8.0","browserURL":"https://www.gstatic.com/firebasejs/10.8.0/firebase.js","packageURL":"https://www.gstatic.com/firebasejs/10.8.0/firebase.tgz"},"live":{"version":"10.8","browserURL":"https://www.gstatic.com/firebasejs/live/10.8/firebase.js","packageURL":"https://www.gstatic.com/firebasejs/live/10.8/firebase.tgz"},"components":{"analytics":"https://www.gstatic.com/firebasejs/10.8.0/firebase-analytics.js","app":"https://www.gstatic.com/firebasejs/10.8.0/firebase-app.js","app-check":"https://www.gstatic.com/firebasejs/10.8.0/firebase-app-check.js","auth":"https://www.gstatic.com/firebasejs/10.8.0/firebase-auth.js","auth/cordova":"https://www.gstatic.com/firebasejs/10.8.0/firebase-auth/cordova.js","auth/web-extension":"https://www.gstatic.com/firebasejs/10.8.0/firebase-auth/web-extension.js","functions":"https://www.gstatic.com/firebasejs/10.8.0/firebase-functions.js","firestore":"https://www.gstatic.com/firebasejs/10.8.0/firebase-firestore.js","firestore/lite":"https://www.gstatic.com/firebasejs/10.8.0/firebase-firestore/lite.js","installations":"https://www.gstatic.com/firebasejs/10.8.0/firebase-installations.js","storage":"https://www.gstatic.com/firebasejs/10.8.0/firebase-storage.js","performance":"https://www.gstatic.com/firebasejs/10.8.0/firebase-performance.js","remote-config":"https://www.gstatic.com/firebasejs/10.8.0/firebase-remote-config.js","messaging":"https://www.gstatic.com/firebasejs/10.8.0/firebase-messaging.js","messaging/sw":"https://www.gstatic.com/firebasejs/10.8.0/firebase-messaging/sw.js","database":"https://www.gstatic.com/firebasejs/10.8.0/firebase-database.js","firestore.memory":"https://www.gstatic.com/firebasejs/10.8.0/firebase-firestore.memory.js"}}
[info] i  Skipping write of public/index.html 
[info] 
[info] i  Detected a .git folder at /Users/gabo/projects/react-django-firebase 
[info] i  Authorizing with GitHub to upload your service account to a GitHub repository's secrets store. 
[info] 
[info] Visit this URL on this device to log in:
[info] https://github.com/login/oauth/authorize?client_id=89cf50f02ac6aaed3484&state=316497891&redirect_uri=http%3A%2F%2Flocalhost%3A9005&scope=read%3Auser%20repo%20public_repo
[info] 
[info] Waiting for authentication...
[debug] [2024-02-17T21:42:22.409Z] >>> [apiv2][query] POST https://github.com/login/oauth/access_token [none]
[debug] [2024-02-17T21:42:22.409Z] >>> [apiv2][body] POST https://github.com/login/oauth/access_token [stream]
[debug] [2024-02-17T21:42:22.901Z] <<< [apiv2][status] POST https://github.com/login/oauth/access_token 200
[debug] [2024-02-17T21:42:22.901Z] <<< [apiv2][body] POST https://github.com/login/oauth/access_token {"access_token":"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","token_type":"bearer","scope":"read:user,repo"}
[debug] [2024-02-17T21:42:22.912Z] >>> [apiv2][query] GET https://api.github.com/user [none]
[debug] [2024-02-17T21:42:23.327Z] <<< [apiv2][status] GET https://api.github.com/user 200
[debug] [2024-02-17T21:42:23.328Z] <<< [apiv2][body] GET https://api.github.com/user {"login":"gaboAcosta","id":4994205,"node_id":"MDQ6VXNlcjQ5OTQyMDU=","avatar_url":"https://avatars.githubusercontent.com/u/4994205?v=4","gravatar_id":"","url":"https://api.github.com/users/gaboAcosta","html_url":"https://github.com/gaboAcosta","followers_url":"https://api.github.com/users/gaboAcosta/followers","following_url":"https://api.github.com/users/gaboAcosta/following{/other_user}","gists_url":"https://api.github.com/users/gaboAcosta/gists{/gist_id}","starred_url":"https://api.github.com/users/gaboAcosta/starred{/owner}{/repo}","subscriptions_url":"https://api.github.com/users/gaboAcosta/subscriptions","organizations_url":"https://api.github.com/users/gaboAcosta/orgs","repos_url":"https://api.github.com/users/gaboAcosta/repos","events_url":"https://api.github.com/users/gaboAcosta/events{/privacy}","received_events_url":"https://api.github.com/users/gaboAcosta/received_events","type":"User","site_admin":false,"name":"Gabriel Acosta","company":"Free Lancer","blog":"growthworkshop.dev","location":"Los Cabos México","email":null,"hireable":true,"bio":null,"twitter_username":null,"public_repos":38,"public_gists":0,"followers":17,"following":5,"created_at":"2013-07-12T03:05:58Z","updated_at":"2024-02-13T15:51:50Z","private_gists":0,"total_private_repos":1,"owned_private_repos":1,"disk_usage":33695,"collaborators":1,"two_factor_authentication":true,"plan":{"name":"free","space":976562499,"collaborators":0,"private_repos":10000}}
[info] 
[info] ✔  Success! Logged into GitHub as gaboAcosta 
[info] 
